<?xml version="1.0" encoding="UTF-8"?>
<!-- Generated by org.testng.reporters.JUnitXMLReporter -->
<testsuite ignored="2" hostname="DESKTOP-2CM67BV" failures="0" tests="2" name="Test" time="56.719" errors="0" timestamp="23 Jun 2025 11:17:04 GMT">
  <testcase classname="com.it.digitech.tests.LoginTest" name="testLoginMethod" time="6.971"/>
  <testcase classname="com.it.digitech.tests.CreateItemWBTest" name="CreateItemWBMethod" time="44.59"/>
  <testcase classname="com.it.digitech.drivers.BaseDriver" name="@BeforeSuite startBrowser" time="0.0">
    <ignored/>
  </testcase> <!-- @BeforeSuite startBrowser -->
  <testcase classname="com.it.digitech.drivers.BaseDriver" name="@AfterSuite close" time="0.0">
    <ignored/>
  </testcase> <!-- @AfterSuite close -->
</testsuite> <!-- Test -->
