<?xml version="1.0" encoding="UTF-8"?>
<!-- Generated by org.testng.reporters.JUnitXMLReporter -->
<testsuite ignored="0" hostname="DESKTOP-2CM67BV" failures="1" tests="1" name="Test" time="5.904" errors="0" timestamp="29 Sep 2024 10:46:10 GMT">
  <testcase classname="com.it.digitech.tests.LoginTest" name="testLoginMethod" time="0.423">
    <failure type="java.lang.IllegalStateException" message="Cannot get a STRING value from a NUMERIC cell">
      <![CDATA[java.lang.IllegalStateException: Cannot get a STRING value from a NUMERIC cell
	at org.apache.poi.xssf.usermodel.XSSFCell.typeMismatch(XSSFCell.java:987)
	at org.apache.poi.xssf.usermodel.XSSFCell.getRichStringCellValue(XSSFCell.java:336)
	at org.apache.poi.xssf.usermodel.XSSFCell.getStringCellValue(XSSFCell.java:280)
	at com.it.digitech.utilities.ExcelUtils.ReadExcel(ExcelUtils.java:41)
	at com.it.digitech.pages.LoginPage.login(LoginPage.java:74)
	at com.it.digitech.tests.LoginTest.testLoginMethod(LoginTest.java:34)
... Removed 25 stack frames]]>
    </failure>
  </testcase> <!-- testLoginMethod -->
</testsuite> <!-- Test -->
